{"/home/paco/development/clean-architecture-course/kata-1/Entities/Entity.ts": {"path":"/home/paco/development/clean-architecture-course/kata-1/Entities/Entity.ts","statementMap":{"0":{"start":{"line":6,"column":21},"end":{"line":6,"column":31}},"1":{"start":{"line":7,"column":4},"end":{"line":7,"column":17}},"2":{"start":{"line":11,"column":4},"end":{"line":13,"column":null}},"3":{"start":{"line":12,"column":6},"end":{"line":12,"column":19}},"4":{"start":{"line":15,"column":4},"end":{"line":15,"column":33}},"5":{"start":{"line":5,"column":0},"end":{"line":5,"column":22}}},"fnMap":{"0":{"name":"(anonymous_0)","decl":{"start":{"line":6,"column":2},"end":{"line":6,"column":21}},"loc":{"start":{"line":6,"column":31},"end":{"line":8,"column":3}}},"1":{"name":"(anonymous_1)","decl":{"start":{"line":10,"column":9},"end":{"line":10,"column":15}},"loc":{"start":{"line":10,"column":34},"end":{"line":16,"column":3}}}},"branchMap":{"0":{"loc":{"start":{"line":11,"column":4},"end":{"line":13,"column":null}},"type":"if","locations":[{"start":{"line":11,"column":4},"end":{"line":13,"column":null}}]},"1":{"loc":{"start":{"line":11,"column":8},"end":{"line":11,"column":78}},"type":"binary-expr","locations":[{"start":{"line":11,"column":8},"end":{"line":11,"column":23}},{"start":{"line":11,"column":27},"end":{"line":11,"column":47}},{"start":{"line":11,"column":51},"end":{"line":11,"column":78}}]}},"s":{"0":21,"1":21,"2":7,"3":3,"4":4,"5":2},"f":{"0":21,"1":7},"b":{"0":[3],"1":[7,6,5]}}
,"/home/paco/development/clean-architecture-course/kata-1/Entities/User.ts": {"path":"/home/paco/development/clean-architecture-course/kata-1/Entities/User.ts","statementMap":{"0":{"start":{"line":1,"column":0},"end":{"line":1,"column":45}},"1":{"start":{"line":2,"column":0},"end":{"line":2,"column":34}},"2":{"start":{"line":3,"column":0},"end":{"line":3,"column":43}},"3":{"start":{"line":4,"column":0},"end":{"line":4,"column":51}},"4":{"start":{"line":28,"column":4},"end":{"line":28,"column":20}},"5":{"start":{"line":30,"column":4},"end":{"line":30,"column":27}},"6":{"start":{"line":31,"column":4},"end":{"line":31,"column":29}},"7":{"start":{"line":32,"column":4},"end":{"line":32,"column":35}},"8":{"start":{"line":36,"column":4},"end":{"line":38,"column":null}},"9":{"start":{"line":37,"column":6},"end":{"line":37,"column":40}},"10":{"start":{"line":39,"column":4},"end":{"line":41,"column":null}},"11":{"start":{"line":40,"column":6},"end":{"line":40,"column":39}},"12":{"start":{"line":42,"column":4},"end":{"line":44,"column":null}},"13":{"start":{"line":43,"column":6},"end":{"line":43,"column":43}},"14":{"start":{"line":46,"column":4},"end":{"line":55,"column":null}},"15":{"start":{"line":47,"column":17},"end":{"line":47,"column":48}},"16":{"start":{"line":48,"column":20},"end":{"line":48,"column":45}},"17":{"start":{"line":49,"column":20},"end":{"line":49,"column":43}},"18":{"start":{"line":50,"column":23},"end":{"line":50,"column":77}},"19":{"start":{"line":52,"column":6},"end":{"line":52,"column":55}},"20":{"start":{"line":54,"column":6},"end":{"line":54,"column":52}},"21":{"start":{"line":59,"column":21},"end":{"line":63,"column":null}},"22":{"start":{"line":66,"column":4},"end":{"line":66,"column":33}},"23":{"start":{"line":22,"column":0},"end":{"line":22,"column":13}}},"fnMap":{"0":{"name":"(anonymous_0)","decl":{"start":{"line":27,"column":2},"end":{"line":27,"column":22}},"loc":{"start":{"line":27,"column":38},"end":{"line":33,"column":3}}},"1":{"name":"(anonymous_1)","decl":{"start":{"line":35,"column":9},"end":{"line":35,"column":15}},"loc":{"start":{"line":35,"column":38},"end":{"line":56,"column":3}}},"2":{"name":"(anonymous_2)","decl":{"start":{"line":58,"column":9},"end":{"line":58,"column":15}},"loc":{"start":{"line":58,"column":53},"end":{"line":67,"column":3}}}},"branchMap":{"0":{"loc":{"start":{"line":36,"column":4},"end":{"line":38,"column":null}},"type":"if","locations":[{"start":{"line":36,"column":4},"end":{"line":38,"column":null}}]},"1":{"loc":{"start":{"line":39,"column":4},"end":{"line":41,"column":null}},"type":"if","locations":[{"start":{"line":39,"column":4},"end":{"line":41,"column":null}}]},"2":{"loc":{"start":{"line":42,"column":4},"end":{"line":44,"column":null}},"type":"if","locations":[{"start":{"line":42,"column":4},"end":{"line":44,"column":null}}]},"3":{"loc":{"start":{"line":47,"column":17},"end":{"line":47,"column":48}},"type":"cond-expr","locations":[{"start":{"line":47,"column":25},"end":{"line":47,"column":29}},{"start":{"line":47,"column":29},"end":{"line":47,"column":48}}]},"4":{"loc":{"start":{"line":47,"column":17},"end":{"line":47,"column":29}},"type":"binary-expr","locations":[{"start":{"line":47,"column":17},"end":{"line":47,"column":29}},{"start":{"line":47,"column":25},"end":{"line":47,"column":29}}]},"5":{"loc":{"start":{"line":61,"column":10},"end":{"line":61,"column":66}},"type":"cond-expr","locations":[{"start":{"line":61,"column":24},"end":{"line":61,"column":44}},{"start":{"line":61,"column":47},"end":{"line":61,"column":66}}]},"6":{"loc":{"start":{"line":62,"column":10},"end":{"line":62,"column":61}},"type":"cond-expr","locations":[{"start":{"line":62,"column":23},"end":{"line":62,"column":41}},{"start":{"line":62,"column":44},"end":{"line":62,"column":61}}]},"7":{"loc":{"start":{"line":63,"column":10},"end":{"line":63,"column":81}},"type":"cond-expr","locations":[{"start":{"line":63,"column":27},"end":{"line":63,"column":53}},{"start":{"line":63,"column":56},"end":{"line":63,"column":81}}]}},"s":{"0":1,"1":1,"2":1,"3":1,"4":14,"5":14,"6":14,"7":14,"8":15,"9":1,"10":14,"11":1,"12":13,"13":1,"14":12,"15":12,"16":12,"17":11,"18":11,"19":10,"20":2,"21":4,"22":4,"23":1},"f":{"0":14,"1":15,"2":4},"b":{"0":[1],"1":[1],"2":[1],"3":[2,10],"4":[12,12],"5":[2,2],"6":[2,2],"7":[2,2]}}
,"/home/paco/development/clean-architecture-course/kata-1/Utils/utils.ts": {"path":"/home/paco/development/clean-architecture-course/kata-1/Utils/utils.ts","statementMap":{"0":{"start":{"line":1,"column":29},"end":{"line":3,"column":1}},"1":{"start":{"line":2,"column":2},"end":{"line":2,"column":42}},"2":{"start":{"line":1,"column":13},"end":{"line":1,"column":29}}},"fnMap":{"0":{"name":"(anonymous_0)","decl":{"start":{"line":1,"column":29},"end":{"line":1,"column":30}},"loc":{"start":{"line":1,"column":62},"end":{"line":3,"column":1}}}},"branchMap":{},"s":{"0":4,"1":44,"2":4},"f":{"0":44},"b":{}}
,"/home/paco/development/clean-architecture-course/kata-1/ValueObject/Email.ts": {"path":"/home/paco/development/clean-architecture-course/kata-1/ValueObject/Email.ts","statementMap":{"0":{"start":{"line":1,"column":0},"end":{"line":1,"column":44}},"1":{"start":{"line":2,"column":0},"end":{"line":2,"column":47}},"2":{"start":{"line":8,"column":20},"end":{"line":8,"column":170}},"3":{"start":{"line":13,"column":4},"end":{"line":13,"column":17}},"4":{"start":{"line":17,"column":25},"end":{"line":17,"column":58}},"5":{"start":{"line":19,"column":4},"end":{"line":25,"column":null}},"6":{"start":{"line":20,"column":6},"end":{"line":20,"column":41}},"7":{"start":{"line":21,"column":11},"end":{"line":25,"column":null}},"8":{"start":{"line":22,"column":6},"end":{"line":22,"column":45}},"9":{"start":{"line":24,"column":6},"end":{"line":24,"column":52}},"10":{"start":{"line":29,"column":4},"end":{"line":29,"column":28}},"11":{"start":{"line":33,"column":4},"end":{"line":33,"column":38}},"12":{"start":{"line":10,"column":0},"end":{"line":10,"column":13}}},"fnMap":{"0":{"name":"(anonymous_0)","decl":{"start":{"line":12,"column":2},"end":{"line":12,"column":22}},"loc":{"start":{"line":12,"column":39},"end":{"line":14,"column":3}}},"1":{"name":"(anonymous_1)","decl":{"start":{"line":16,"column":9},"end":{"line":16,"column":15}},"loc":{"start":{"line":16,"column":36},"end":{"line":26,"column":3}}},"2":{"name":"(anonymous_2)","decl":{"start":{"line":28,"column":2},"end":{"line":28,"column":13}},"loc":{"start":{"line":28,"column":18},"end":{"line":30,"column":3}}},"3":{"name":"(anonymous_3)","decl":{"start":{"line":32,"column":10},"end":{"line":32,"column":16}},"loc":{"start":{"line":32,"column":37},"end":{"line":34,"column":3}}}},"branchMap":{"0":{"loc":{"start":{"line":19,"column":4},"end":{"line":25,"column":null}},"type":"if","locations":[{"start":{"line":19,"column":4},"end":{"line":25,"column":null}},{"start":{"line":21,"column":11},"end":{"line":25,"column":null}}]},"1":{"loc":{"start":{"line":21,"column":11},"end":{"line":25,"column":null}},"type":"if","locations":[{"start":{"line":21,"column":11},"end":{"line":25,"column":null}},{"start":{"line":23,"column":11},"end":{"line":25,"column":null}}]}},"s":{"0":2,"1":2,"2":2,"3":19,"4":22,"5":22,"6":1,"7":21,"8":2,"9":19,"10":6,"11":19,"12":2},"f":{"0":19,"1":22,"2":6,"3":19},"b":{"0":[1,21],"1":[2,19]}}
,"/home/paco/development/clean-architecture-course/kata-1/ValueObject/Name.ts": {"path":"/home/paco/development/clean-architecture-course/kata-1/ValueObject/Name.ts","statementMap":{"0":{"start":{"line":1,"column":0},"end":{"line":1,"column":44}},"1":{"start":{"line":10,"column":8},"end":{"line":10,"column":21}},"2":{"start":{"line":14,"column":8},"end":{"line":18,"column":null}},"3":{"start":{"line":15,"column":12},"end":{"line":15,"column":46}},"4":{"start":{"line":17,"column":12},"end":{"line":17,"column":56}},"5":{"start":{"line":22,"column":8},"end":{"line":22,"column":null}},"6":{"start":{"line":26,"column":8},"end":{"line":26,"column":27}},"7":{"start":{"line":7,"column":0},"end":{"line":7,"column":13}}},"fnMap":{"0":{"name":"(anonymous_0)","decl":{"start":{"line":9,"column":4},"end":{"line":9,"column":24}},"loc":{"start":{"line":9,"column":40},"end":{"line":11,"column":5}}},"1":{"name":"(anonymous_1)","decl":{"start":{"line":13,"column":11},"end":{"line":13,"column":17}},"loc":{"start":{"line":13,"column":37},"end":{"line":19,"column":5}}},"2":{"name":"(anonymous_2)","decl":{"start":{"line":21,"column":4},"end":{"line":21,"column":15}},"loc":{"start":{"line":21,"column":20},"end":{"line":23,"column":5}}},"3":{"name":"(anonymous_3)","decl":{"start":{"line":25,"column":12},"end":{"line":25,"column":18}},"loc":{"start":{"line":25,"column":38},"end":{"line":27,"column":5}}}},"branchMap":{"0":{"loc":{"start":{"line":14,"column":8},"end":{"line":18,"column":null}},"type":"if","locations":[{"start":{"line":14,"column":8},"end":{"line":18,"column":null}},{"start":{"line":16,"column":15},"end":{"line":18,"column":null}}]}},"s":{"0":2,"1":19,"2":20,"3":1,"4":19,"5":6,"6":19,"7":2},"f":{"0":19,"1":20,"2":6,"3":19},"b":{"0":[1,19]}}
,"/home/paco/development/clean-architecture-course/kata-1/ValueObject/Password.ts": {"path":"/home/paco/development/clean-architecture-course/kata-1/ValueObject/Password.ts","statementMap":{"0":{"start":{"line":1,"column":0},"end":{"line":1,"column":44}},"1":{"start":{"line":2,"column":0},"end":{"line":2,"column":47}},"2":{"start":{"line":4,"column":23},"end":{"line":4,"column":63}},"3":{"start":{"line":12,"column":4},"end":{"line":12,"column":17}},"4":{"start":{"line":16,"column":25},"end":{"line":16,"column":64}},"5":{"start":{"line":18,"column":4},"end":{"line":24,"column":null}},"6":{"start":{"line":19,"column":6},"end":{"line":19,"column":48}},"7":{"start":{"line":20,"column":11},"end":{"line":24,"column":null}},"8":{"start":{"line":21,"column":6},"end":{"line":21,"column":47}},"9":{"start":{"line":23,"column":6},"end":{"line":23,"column":65}},"10":{"start":{"line":28,"column":4},"end":{"line":28,"column":31}},"11":{"start":{"line":10,"column":0},"end":{"line":10,"column":13}}},"fnMap":{"0":{"name":"(anonymous_0)","decl":{"start":{"line":11,"column":2},"end":{"line":11,"column":22}},"loc":{"start":{"line":11,"column":42},"end":{"line":13,"column":3}}},"1":{"name":"(anonymous_1)","decl":{"start":{"line":15,"column":9},"end":{"line":15,"column":15}},"loc":{"start":{"line":15,"column":64},"end":{"line":25,"column":3}}},"2":{"name":"(anonymous_2)","decl":{"start":{"line":27,"column":2},"end":{"line":27,"column":13}},"loc":{"start":{"line":27,"column":18},"end":{"line":29,"column":3}}}},"branchMap":{"0":{"loc":{"start":{"line":18,"column":4},"end":{"line":24,"column":null}},"type":"if","locations":[{"start":{"line":18,"column":4},"end":{"line":24,"column":null}},{"start":{"line":20,"column":11},"end":{"line":24,"column":null}}]},"1":{"loc":{"start":{"line":20,"column":11},"end":{"line":24,"column":null}},"type":"if","locations":[{"start":{"line":20,"column":11},"end":{"line":24,"column":null}},{"start":{"line":22,"column":11},"end":{"line":24,"column":null}}]}},"s":{"0":2,"1":2,"2":2,"3":17,"4":20,"5":20,"6":2,"7":18,"8":1,"9":17,"10":5,"11":2},"f":{"0":17,"1":20,"2":5},"b":{"0":[2,18],"1":[1,17]}}
,"/home/paco/development/clean-architecture-course/kata-1/ValueObject/ValueObject.ts": {"path":"/home/paco/development/clean-architecture-course/kata-1/ValueObject/ValueObject.ts","statementMap":{"0":{"start":{"line":6,"column":24},"end":{"line":6,"column":32}},"1":{"start":{"line":7,"column":19},"end":{"line":8,"column":null}},"2":{"start":{"line":11,"column":4},"end":{"line":11,"column":27}},"3":{"start":{"line":15,"column":4},"end":{"line":17,"column":null}},"4":{"start":{"line":16,"column":6},"end":{"line":16,"column":19}},"5":{"start":{"line":18,"column":4},"end":{"line":20,"column":null}},"6":{"start":{"line":19,"column":6},"end":{"line":19,"column":19}},"7":{"start":{"line":22,"column":4},"end":{"line":22,"column":67}},"8":{"start":{"line":5,"column":0},"end":{"line":5,"column":22}}},"fnMap":{"0":{"name":"(anonymous_0)","decl":{"start":{"line":6,"column":2},"end":{"line":6,"column":24}},"loc":{"start":{"line":6,"column":32},"end":{"line":12,"column":3}}},"1":{"name":"(anonymous_1)","decl":{"start":{"line":14,"column":9},"end":{"line":14,"column":15}},"loc":{"start":{"line":14,"column":35},"end":{"line":23,"column":3}}}},"branchMap":{"0":{"loc":{"start":{"line":15,"column":4},"end":{"line":17,"column":null}},"type":"if","locations":[{"start":{"line":15,"column":4},"end":{"line":17,"column":null}}]},"1":{"loc":{"start":{"line":15,"column":8},"end":{"line":15,"column":39}},"type":"binary-expr","locations":[{"start":{"line":15,"column":8},"end":{"line":15,"column":19}},{"start":{"line":15,"column":23},"end":{"line":15,"column":39}}]},"2":{"loc":{"start":{"line":18,"column":4},"end":{"line":20,"column":null}},"type":"if","locations":[{"start":{"line":18,"column":4},"end":{"line":20,"column":null}}]}},"s":{"0":61,"1":61,"2":61,"3":11,"4":2,"5":9,"6":1,"7":8,"8":5},"f":{"0":61,"1":11},"b":{"0":[2],"1":[11,10],"2":[1]}}
}
