TN:
SF:Entities/Entity.ts
FN:6,(anonymous_0)
FN:10,(anonymous_1)
FNF:2
FNH:2
FNDA:21,(anonymous_0)
FNDA:7,(anonymous_1)
DA:5,2
DA:6,21
DA:7,21
DA:11,7
DA:12,3
DA:15,4
LF:6
LH:6
BRDA:11,0,0,3
BRDA:11,1,0,7
BRDA:11,1,1,6
BRDA:11,1,2,5
BRF:4
BRH:4
end_of_record
TN:
SF:Entities/User.ts
FN:27,(anonymous_0)
FN:35,(anonymous_1)
FN:58,(anonymous_2)
FNF:3
FNH:3
FNDA:14,(anonymous_0)
FNDA:15,(anonymous_1)
FNDA:4,(anonymous_2)
DA:1,1
DA:2,1
DA:3,1
DA:4,1
DA:22,1
DA:28,14
DA:30,14
DA:31,14
DA:32,14
DA:36,15
DA:37,1
DA:39,14
DA:40,1
DA:42,13
DA:43,1
DA:46,12
DA:47,12
DA:48,12
DA:49,11
DA:50,11
DA:52,10
DA:54,2
DA:59,4
DA:66,4
LF:24
LH:24
BRDA:36,0,0,1
BRDA:39,1,0,1
BRDA:42,2,0,1
BRDA:47,3,0,2
BRDA:47,3,1,10
BRDA:47,4,0,12
BRDA:47,4,1,12
BRDA:61,5,0,2
BRDA:61,5,1,2
BRDA:62,6,0,2
BRDA:62,6,1,2
BRDA:63,7,0,2
BRDA:63,7,1,2
BRF:13
BRH:13
end_of_record
TN:
SF:Utils/utils.ts
FN:1,(anonymous_0)
FNF:1
FNH:1
FNDA:44,(anonymous_0)
DA:1,4
DA:2,44
LF:2
LH:2
BRF:0
BRH:0
end_of_record
TN:
SF:ValueObject/Email.ts
FN:12,(anonymous_0)
FN:16,(anonymous_1)
FN:28,(anonymous_2)
FN:32,(anonymous_3)
FNF:4
FNH:4
FNDA:19,(anonymous_0)
FNDA:22,(anonymous_1)
FNDA:6,(anonymous_2)
FNDA:19,(anonymous_3)
DA:1,2
DA:2,2
DA:8,2
DA:10,2
DA:13,19
DA:17,22
DA:19,22
DA:20,1
DA:21,21
DA:22,2
DA:24,19
DA:29,6
DA:33,19
LF:13
LH:13
BRDA:19,0,0,1
BRDA:19,0,1,21
BRDA:21,1,0,2
BRDA:21,1,1,19
BRF:4
BRH:4
end_of_record
TN:
SF:ValueObject/Name.ts
FN:9,(anonymous_0)
FN:13,(anonymous_1)
FN:21,(anonymous_2)
FN:25,(anonymous_3)
FNF:4
FNH:4
FNDA:19,(anonymous_0)
FNDA:20,(anonymous_1)
FNDA:6,(anonymous_2)
FNDA:19,(anonymous_3)
DA:1,2
DA:7,2
DA:10,19
DA:14,20
DA:15,1
DA:17,19
DA:22,6
DA:26,19
LF:8
LH:8
BRDA:14,0,0,1
BRDA:14,0,1,19
BRF:2
BRH:2
end_of_record
TN:
SF:ValueObject/Password.ts
FN:11,(anonymous_0)
FN:15,(anonymous_1)
FN:27,(anonymous_2)
FNF:3
FNH:3
FNDA:17,(anonymous_0)
FNDA:20,(anonymous_1)
FNDA:5,(anonymous_2)
DA:1,2
DA:2,2
DA:4,2
DA:10,2
DA:12,17
DA:16,20
DA:18,20
DA:19,2
DA:20,18
DA:21,1
DA:23,17
DA:28,5
LF:12
LH:12
BRDA:18,0,0,2
BRDA:18,0,1,18
BRDA:20,1,0,1
BRDA:20,1,1,17
BRF:4
BRH:4
end_of_record
TN:
SF:ValueObject/ValueObject.ts
FN:6,(anonymous_0)
FN:14,(anonymous_1)
FNF:2
FNH:2
FNDA:61,(anonymous_0)
FNDA:11,(anonymous_1)
DA:5,5
DA:6,61
DA:7,61
DA:11,61
DA:15,11
DA:16,2
DA:18,9
DA:19,1
DA:22,8
LF:9
LH:9
BRDA:15,0,0,2
BRDA:15,1,0,11
BRDA:15,1,1,10
BRDA:18,2,0,1
BRF:4
BRH:4
end_of_record
